<?xml version="1.0" encoding="UTF-8"?>
<!-- Generated by org.testng.reporters.JUnitReportReporter -->
<testsuite hostname="jaivik-pc" failures="0" tests="3" name="com.demo.D03_SeleniumTest" time="9.709" errors="0" timestamp="2023-04-27T13:37:22 IST" skipped="0">
  <testcase classname="com.demo.D03_SeleniumTest" name="shouldMulNums" time="3.377"/>
  <system-out/>
  <testcase classname="com.demo.D03_SeleniumTest" name="shouldOpenWebPage" time="2.805"/>
  <system-out/>
  <testcase classname="com.demo.D03_SeleniumTest" name="shouldAddNums" time="3.527"/>
  <system-out/>
</testsuite> <!-- com.demo.D03_SeleniumTest -->
