<?xml version="1.0" encoding="UTF-8"?>
<!-- Generated by org.testng.reporters.JUnitReportReporter -->
<testsuite hostname="jaivik-pc" failures="0" tests="2" name="com.demo.D02_TestNgHooks" time="0.014" errors="0" timestamp="2023-04-27T13:05:07 IST" skipped="0">
  <testcase classname="com.demo.D02_TestNgHooks" name="shouldAdd5Nums" time="0.002"/>
  <system-out/>
  <testcase classname="com.demo.D02_TestNgHooks" name="shouldAdd2Nums" time="0.012"/>
  <system-out/>
</testsuite> <!-- com.demo.D02_TestNgHooks -->
