<?xml version="1.0" encoding="UTF-8"?>
<!-- Generated by org.testng.reporters.JUnitReportReporter -->
<testsuite hostname="jaivik-pc" failures="0" tests="2" name="com.demo.D01_TestNG" time="0.009" errors="0" timestamp="2023-04-27T12:58:25 IST" skipped="0">
  <testcase classname="com.demo.D01_TestNG" name="shouldAdd5Nums" time="0.000"/>
  <system-out/>
  <testcase classname="com.demo.D01_TestNG" name="shouldAdd2Nums" time="0.009"/>
  <system-out/>
</testsuite> <!-- com.demo.D01_TestNG -->
